2025-03-12 22:43:09,594 - INFO - Successfully read the YAML file
2025-03-12 22:43:09,594 - INFO - Loading data from Raw Dir
2025-03-12 22:43:09,595 - INFO - Loading data
2025-03-12 22:43:09,623 - INFO - Loading data
2025-03-12 22:43:09,631 - INFO - Starting the Data preprocessing
2025-03-12 22:43:09,631 - INFO - Dropping unnecessary columns
2025-03-12 22:43:09,638 - INFO - Applying label encoding
2025-03-12 22:43:09,644 - INFO - Label mappings are: 
2025-03-12 22:43:09,644 - INFO - type_of_meal_plan : {'Meal Plan 1': np.int64(0), 'Meal Plan 2': np.int64(1), 'Meal Plan 3': np.int64(2), 'Not Selected': np.int64(3)}
2025-03-12 22:43:09,644 - INFO - required_car_parking_space : {np.int64(0): np.int64(0), np.int64(1): np.int64(1)}
2025-03-12 22:43:09,644 - INFO - room_type_reserved : {'Room_Type 1': np.int64(0), 'Room_Type 2': np.int64(1), 'Room_Type 3': np.int64(2), 'Room_Type 4': np.int64(3), 'Room_Type 5': np.int64(4), 'Room_Type 6': np.int64(5), 'Room_Type 7': np.int64(6)}
2025-03-12 22:43:09,644 - INFO - market_segment_type : {'Aviation': np.int64(0), 'Complementary': np.int64(1), 'Corporate': np.int64(2), 'Offline': np.int64(3), 'Online': np.int64(4)}
2025-03-12 22:43:09,644 - INFO - repeated_guest : {np.int64(0): np.int64(0), np.int64(1): np.int64(1)}
2025-03-12 22:43:09,644 - INFO - booking_status : {'Canceled': np.int64(0), 'Not_Canceled': np.int64(1)}
2025-03-12 22:43:09,644 - INFO - Started skewness handling
2025-03-12 22:43:09,645 - INFO - Starting the Data preprocessing
2025-03-12 22:43:09,645 - INFO - Dropping unnecessary columns
2025-03-12 22:43:09,647 - INFO - Applying label encoding
2025-03-12 22:43:09,649 - INFO - Label mappings are: 
2025-03-12 22:43:09,649 - INFO - type_of_meal_plan : {'Meal Plan 1': np.int64(0), 'Meal Plan 2': np.int64(1), 'Not Selected': np.int64(2)}
2025-03-12 22:43:09,649 - INFO - required_car_parking_space : {np.int64(0): np.int64(0), np.int64(1): np.int64(1)}
2025-03-12 22:43:09,649 - INFO - room_type_reserved : {'Room_Type 1': np.int64(0), 'Room_Type 2': np.int64(1), 'Room_Type 3': np.int64(2), 'Room_Type 4': np.int64(3), 'Room_Type 5': np.int64(4), 'Room_Type 6': np.int64(5), 'Room_Type 7': np.int64(6)}
2025-03-12 22:43:09,649 - INFO - market_segment_type : {'Aviation': np.int64(0), 'Complementary': np.int64(1), 'Corporate': np.int64(2), 'Offline': np.int64(3), 'Online': np.int64(4)}
2025-03-12 22:43:09,649 - INFO - repeated_guest : {np.int64(0): np.int64(0), np.int64(1): np.int64(1)}
2025-03-12 22:43:09,649 - INFO - booking_status : {'Canceled': np.int64(0), 'Not_Canceled': np.int64(1)}
2025-03-12 22:43:09,649 - INFO - Started skewness handling
2025-03-12 22:43:09,650 - INFO - Balancing the data started
2025-03-12 22:43:09,652 - ERROR - Error during balancing the data cannot unpack non-iterable SMOTE object
2025-03-12 22:43:09,652 - ERROR - Error during preprocessing pipeline cannot unpack non-iterable TypeError object
2025-03-12 22:47:10,056 - INFO - Successfully read the YAML file
2025-03-12 22:47:10,057 - INFO - Loading data from RAW directory
2025-03-12 22:47:10,057 - INFO - Loading data
2025-03-12 22:47:10,082 - INFO - Loading data
2025-03-12 22:47:10,089 - INFO - Starting our Data Processing step
2025-03-12 22:47:10,089 - INFO - Dropping the columns
2025-03-12 22:47:10,098 - INFO - Applying Label Encoding
2025-03-12 22:47:10,104 - INFO - Label Mappings are : 
2025-03-12 22:47:10,104 - INFO - type_of_meal_plan : {'Meal Plan 1': np.int64(0), 'Meal Plan 2': np.int64(1), 'Meal Plan 3': np.int64(2), 'Not Selected': np.int64(3)}
2025-03-12 22:47:10,104 - INFO - required_car_parking_space : {np.int64(0): np.int64(0), np.int64(1): np.int64(1)}
2025-03-12 22:47:10,104 - INFO - room_type_reserved : {'Room_Type 1': np.int64(0), 'Room_Type 2': np.int64(1), 'Room_Type 3': np.int64(2), 'Room_Type 4': np.int64(3), 'Room_Type 5': np.int64(4), 'Room_Type 6': np.int64(5), 'Room_Type 7': np.int64(6)}
2025-03-12 22:47:10,104 - INFO - market_segment_type : {'Aviation': np.int64(0), 'Complementary': np.int64(1), 'Corporate': np.int64(2), 'Offline': np.int64(3), 'Online': np.int64(4)}
2025-03-12 22:47:10,104 - INFO - repeated_guest : {np.int64(0): np.int64(0), np.int64(1): np.int64(1)}
2025-03-12 22:47:10,104 - INFO - booking_status : {'Canceled': np.int64(0), 'Not_Canceled': np.int64(1)}
2025-03-12 22:47:10,104 - INFO - Doing Skewness HAndling
2025-03-12 22:47:10,105 - INFO - Starting our Data Processing step
2025-03-12 22:47:10,105 - INFO - Dropping the columns
2025-03-12 22:47:10,107 - INFO - Applying Label Encoding
2025-03-12 22:47:10,109 - INFO - Label Mappings are : 
2025-03-12 22:47:10,109 - INFO - type_of_meal_plan : {'Meal Plan 1': np.int64(0), 'Meal Plan 2': np.int64(1), 'Not Selected': np.int64(2)}
2025-03-12 22:47:10,109 - INFO - required_car_parking_space : {np.int64(0): np.int64(0), np.int64(1): np.int64(1)}
2025-03-12 22:47:10,109 - INFO - room_type_reserved : {'Room_Type 1': np.int64(0), 'Room_Type 2': np.int64(1), 'Room_Type 3': np.int64(2), 'Room_Type 4': np.int64(3), 'Room_Type 5': np.int64(4), 'Room_Type 6': np.int64(5), 'Room_Type 7': np.int64(6)}
2025-03-12 22:47:10,109 - INFO - market_segment_type : {'Aviation': np.int64(0), 'Complementary': np.int64(1), 'Corporate': np.int64(2), 'Offline': np.int64(3), 'Online': np.int64(4)}
2025-03-12 22:47:10,109 - INFO - repeated_guest : {np.int64(0): np.int64(0), np.int64(1): np.int64(1)}
2025-03-12 22:47:10,109 - INFO - booking_status : {'Canceled': np.int64(0), 'Not_Canceled': np.int64(1)}
2025-03-12 22:47:10,109 - INFO - Doing Skewness HAndling
2025-03-12 22:47:10,110 - INFO - Handling Imbalanced Data
2025-03-12 22:47:10,170 - INFO - Data balanced sucesffuly
2025-03-12 22:47:10,170 - INFO - Handling Imbalanced Data
2025-03-12 22:47:10,178 - INFO - Data balanced sucesffuly
2025-03-12 22:47:10,178 - INFO - Starting our Feature selection step
2025-03-12 22:47:11,809 - INFO - Features selected : ['lead_time' 'no_of_special_requests' 'avg_price_per_room' 'arrival_month'
 'arrival_date' 'market_segment_type' 'no_of_week_nights'
 'no_of_weekend_nights' 'type_of_meal_plan' 'room_type_reserved']
2025-03-12 22:47:11,810 - INFO - Feature slection completed sucesfully
2025-03-12 22:47:11,813 - INFO - Saving our data in processed folder
2025-03-12 22:47:11,847 - INFO - Data saved sucesfuly to processed_train.csv
2025-03-12 22:47:11,847 - INFO - Saving our data in processed folder
2025-03-12 22:47:11,856 - INFO - Data saved sucesfuly to processed_test.csv
2025-03-12 22:47:11,856 - INFO - Data processing completed sucesfully
2025-03-12 22:49:17,037 - INFO - Successfully read the YAML file
2025-03-12 22:49:17,037 - INFO - Loading data from RAW directory
2025-03-12 22:49:17,037 - INFO - Loading data
2025-03-12 22:49:17,066 - INFO - Loading data
2025-03-12 22:49:17,073 - INFO - Starting our Data Processing step
2025-03-12 22:49:17,073 - INFO - Dropping the columns
2025-03-12 22:49:17,080 - INFO - Applying Label Encoding
2025-03-12 22:49:17,085 - INFO - Label Mappings are : 
2025-03-12 22:49:17,085 - INFO - type_of_meal_plan : {'Meal Plan 1': np.int64(0), 'Meal Plan 2': np.int64(1), 'Meal Plan 3': np.int64(2), 'Not Selected': np.int64(3)}
2025-03-12 22:49:17,085 - INFO - required_car_parking_space : {np.int64(0): np.int64(0), np.int64(1): np.int64(1)}
2025-03-12 22:49:17,085 - INFO - room_type_reserved : {'Room_Type 1': np.int64(0), 'Room_Type 2': np.int64(1), 'Room_Type 3': np.int64(2), 'Room_Type 4': np.int64(3), 'Room_Type 5': np.int64(4), 'Room_Type 6': np.int64(5), 'Room_Type 7': np.int64(6)}
2025-03-12 22:49:17,085 - INFO - market_segment_type : {'Aviation': np.int64(0), 'Complementary': np.int64(1), 'Corporate': np.int64(2), 'Offline': np.int64(3), 'Online': np.int64(4)}
2025-03-12 22:49:17,085 - INFO - repeated_guest : {np.int64(0): np.int64(0), np.int64(1): np.int64(1)}
2025-03-12 22:49:17,085 - INFO - booking_status : {'Canceled': np.int64(0), 'Not_Canceled': np.int64(1)}
2025-03-12 22:49:17,085 - INFO - Doing Skewness HAndling
2025-03-12 22:49:17,086 - INFO - Starting our Data Processing step
2025-03-12 22:49:17,086 - INFO - Dropping the columns
2025-03-12 22:49:17,088 - INFO - Applying Label Encoding
2025-03-12 22:49:17,090 - INFO - Label Mappings are : 
2025-03-12 22:49:17,090 - INFO - type_of_meal_plan : {'Meal Plan 1': np.int64(0), 'Meal Plan 2': np.int64(1), 'Not Selected': np.int64(2)}
2025-03-12 22:49:17,090 - INFO - required_car_parking_space : {np.int64(0): np.int64(0), np.int64(1): np.int64(1)}
2025-03-12 22:49:17,090 - INFO - room_type_reserved : {'Room_Type 1': np.int64(0), 'Room_Type 2': np.int64(1), 'Room_Type 3': np.int64(2), 'Room_Type 4': np.int64(3), 'Room_Type 5': np.int64(4), 'Room_Type 6': np.int64(5), 'Room_Type 7': np.int64(6)}
2025-03-12 22:49:17,090 - INFO - market_segment_type : {'Aviation': np.int64(0), 'Complementary': np.int64(1), 'Corporate': np.int64(2), 'Offline': np.int64(3), 'Online': np.int64(4)}
2025-03-12 22:49:17,090 - INFO - repeated_guest : {np.int64(0): np.int64(0), np.int64(1): np.int64(1)}
2025-03-12 22:49:17,090 - INFO - booking_status : {'Canceled': np.int64(0), 'Not_Canceled': np.int64(1)}
2025-03-12 22:49:17,090 - INFO - Doing Skewness HAndling
2025-03-12 22:49:17,091 - INFO - Handling Imbalanced Data
2025-03-12 22:49:17,140 - INFO - Data balanced sucesffuly
2025-03-12 22:49:17,140 - INFO - Handling Imbalanced Data
2025-03-12 22:49:17,149 - INFO - Data balanced sucesffuly
2025-03-12 22:49:17,149 - INFO - Starting our Feature selection step
2025-03-12 22:49:18,764 - INFO - Features selected : ['lead_time' 'no_of_special_requests' 'avg_price_per_room' 'arrival_month'
 'arrival_date' 'market_segment_type' 'no_of_week_nights'
 'no_of_weekend_nights' 'type_of_meal_plan' 'room_type_reserved']
2025-03-12 22:49:18,765 - INFO - Feature slection completed sucesfully
2025-03-12 22:49:18,769 - INFO - Saving our data in processed folder
2025-03-12 22:49:18,801 - INFO - Data saved sucesfuly to artifacts/processed/processed_train.csv
2025-03-12 22:49:18,801 - INFO - Saving our data in processed folder
2025-03-12 22:49:18,810 - INFO - Data saved sucesfuly to artifacts/processed/processed_test.csv
2025-03-12 22:49:18,810 - INFO - Data processing completed sucesfully
2025-03-12 22:53:30,315 - INFO - Successfully read the YAML file
2025-03-12 22:53:30,315 - INFO - Loading data from Raw Dir
2025-03-12 22:53:30,315 - INFO - Loading data
2025-03-12 22:53:30,339 - INFO - Loading data
2025-03-12 22:53:30,346 - INFO - Starting the Data preprocessing
2025-03-12 22:53:30,346 - INFO - Dropping unnecessary columns
2025-03-12 22:53:30,352 - INFO - Applying label encoding
2025-03-12 22:53:30,358 - INFO - Label mappings are: 
2025-03-12 22:53:30,358 - INFO - type_of_meal_plan : {'Meal Plan 1': np.int64(0), 'Meal Plan 2': np.int64(1), 'Meal Plan 3': np.int64(2), 'Not Selected': np.int64(3)}
2025-03-12 22:53:30,358 - INFO - required_car_parking_space : {np.int64(0): np.int64(0), np.int64(1): np.int64(1)}
2025-03-12 22:53:30,358 - INFO - room_type_reserved : {'Room_Type 1': np.int64(0), 'Room_Type 2': np.int64(1), 'Room_Type 3': np.int64(2), 'Room_Type 4': np.int64(3), 'Room_Type 5': np.int64(4), 'Room_Type 6': np.int64(5), 'Room_Type 7': np.int64(6)}
2025-03-12 22:53:30,358 - INFO - market_segment_type : {'Aviation': np.int64(0), 'Complementary': np.int64(1), 'Corporate': np.int64(2), 'Offline': np.int64(3), 'Online': np.int64(4)}
2025-03-12 22:53:30,358 - INFO - repeated_guest : {np.int64(0): np.int64(0), np.int64(1): np.int64(1)}
2025-03-12 22:53:30,358 - INFO - booking_status : {'Canceled': np.int64(0), 'Not_Canceled': np.int64(1)}
2025-03-12 22:53:30,358 - INFO - Started skewness handling
2025-03-12 22:53:30,359 - INFO - Starting the Data preprocessing
2025-03-12 22:53:30,359 - INFO - Dropping unnecessary columns
2025-03-12 22:53:30,361 - INFO - Applying label encoding
2025-03-12 22:53:30,363 - INFO - Label mappings are: 
2025-03-12 22:53:30,363 - INFO - type_of_meal_plan : {'Meal Plan 1': np.int64(0), 'Meal Plan 2': np.int64(1), 'Not Selected': np.int64(2)}
2025-03-12 22:53:30,363 - INFO - required_car_parking_space : {np.int64(0): np.int64(0), np.int64(1): np.int64(1)}
2025-03-12 22:53:30,363 - INFO - room_type_reserved : {'Room_Type 1': np.int64(0), 'Room_Type 2': np.int64(1), 'Room_Type 3': np.int64(2), 'Room_Type 4': np.int64(3), 'Room_Type 5': np.int64(4), 'Room_Type 6': np.int64(5), 'Room_Type 7': np.int64(6)}
2025-03-12 22:53:30,363 - INFO - market_segment_type : {'Aviation': np.int64(0), 'Complementary': np.int64(1), 'Corporate': np.int64(2), 'Offline': np.int64(3), 'Online': np.int64(4)}
2025-03-12 22:53:30,363 - INFO - repeated_guest : {np.int64(0): np.int64(0), np.int64(1): np.int64(1)}
2025-03-12 22:53:30,363 - INFO - booking_status : {'Canceled': np.int64(0), 'Not_Canceled': np.int64(1)}
2025-03-12 22:53:30,363 - INFO - Started skewness handling
2025-03-12 22:53:30,363 - INFO - Balancing the data started
2025-03-12 22:53:30,365 - ERROR - Error during balancing the data cannot unpack non-iterable SMOTE object
2025-03-12 22:53:30,365 - ERROR - Error during preprocessing pipeline cannot unpack non-iterable TypeError object
2025-03-12 22:53:41,875 - INFO - Successfully read the YAML file
2025-03-12 22:53:41,875 - INFO - Loading data from Raw Dir
2025-03-12 22:53:41,875 - INFO - Loading data
2025-03-12 22:53:41,901 - INFO - Loading data
2025-03-12 22:53:41,908 - INFO - Starting the Data preprocessing
2025-03-12 22:53:41,908 - INFO - Dropping unnecessary columns
2025-03-12 22:53:41,920 - INFO - Applying label encoding
2025-03-12 22:53:41,926 - INFO - Label mappings are: 
2025-03-12 22:53:41,926 - INFO - type_of_meal_plan : {'Meal Plan 1': np.int64(0), 'Meal Plan 2': np.int64(1), 'Meal Plan 3': np.int64(2), 'Not Selected': np.int64(3)}
2025-03-12 22:53:41,926 - INFO - required_car_parking_space : {np.int64(0): np.int64(0), np.int64(1): np.int64(1)}
2025-03-12 22:53:41,926 - INFO - room_type_reserved : {'Room_Type 1': np.int64(0), 'Room_Type 2': np.int64(1), 'Room_Type 3': np.int64(2), 'Room_Type 4': np.int64(3), 'Room_Type 5': np.int64(4), 'Room_Type 6': np.int64(5), 'Room_Type 7': np.int64(6)}
2025-03-12 22:53:41,926 - INFO - market_segment_type : {'Aviation': np.int64(0), 'Complementary': np.int64(1), 'Corporate': np.int64(2), 'Offline': np.int64(3), 'Online': np.int64(4)}
2025-03-12 22:53:41,926 - INFO - repeated_guest : {np.int64(0): np.int64(0), np.int64(1): np.int64(1)}
2025-03-12 22:53:41,926 - INFO - booking_status : {'Canceled': np.int64(0), 'Not_Canceled': np.int64(1)}
2025-03-12 22:53:41,926 - INFO - Started skewness handling
2025-03-12 22:53:41,927 - INFO - Starting the Data preprocessing
2025-03-12 22:53:41,927 - INFO - Dropping unnecessary columns
2025-03-12 22:53:41,929 - INFO - Applying label encoding
2025-03-12 22:53:41,931 - INFO - Label mappings are: 
2025-03-12 22:53:41,931 - INFO - type_of_meal_plan : {'Meal Plan 1': np.int64(0), 'Meal Plan 2': np.int64(1), 'Not Selected': np.int64(2)}
2025-03-12 22:53:41,931 - INFO - required_car_parking_space : {np.int64(0): np.int64(0), np.int64(1): np.int64(1)}
2025-03-12 22:53:41,931 - INFO - room_type_reserved : {'Room_Type 1': np.int64(0), 'Room_Type 2': np.int64(1), 'Room_Type 3': np.int64(2), 'Room_Type 4': np.int64(3), 'Room_Type 5': np.int64(4), 'Room_Type 6': np.int64(5), 'Room_Type 7': np.int64(6)}
2025-03-12 22:53:41,931 - INFO - market_segment_type : {'Aviation': np.int64(0), 'Complementary': np.int64(1), 'Corporate': np.int64(2), 'Offline': np.int64(3), 'Online': np.int64(4)}
2025-03-12 22:53:41,931 - INFO - repeated_guest : {np.int64(0): np.int64(0), np.int64(1): np.int64(1)}
2025-03-12 22:53:41,931 - INFO - booking_status : {'Canceled': np.int64(0), 'Not_Canceled': np.int64(1)}
2025-03-12 22:53:41,931 - INFO - Started skewness handling
2025-03-12 22:53:41,931 - INFO - Balancing the data started
2025-03-12 22:53:41,933 - ERROR - Error during balancing the data cannot unpack non-iterable SMOTE object
2025-03-12 22:53:41,933 - ERROR - Error during preprocessing pipeline cannot unpack non-iterable TypeError object
2025-03-12 22:54:20,004 - INFO - Successfully read the YAML file
2025-03-12 22:54:20,004 - INFO - Loading data from Raw Dir
2025-03-12 22:54:20,004 - INFO - Loading data
2025-03-12 22:54:20,026 - INFO - Loading data
2025-03-12 22:54:20,033 - INFO - Starting the Data preprocessing
2025-03-12 22:54:20,033 - INFO - Dropping unnecessary columns
2025-03-12 22:54:20,039 - INFO - Applying label encoding
2025-03-12 22:54:20,045 - INFO - Label mappings are: 
2025-03-12 22:54:20,045 - INFO - type_of_meal_plan : {'Meal Plan 1': np.int64(0), 'Meal Plan 2': np.int64(1), 'Meal Plan 3': np.int64(2), 'Not Selected': np.int64(3)}
2025-03-12 22:54:20,045 - INFO - required_car_parking_space : {np.int64(0): np.int64(0), np.int64(1): np.int64(1)}
2025-03-12 22:54:20,045 - INFO - room_type_reserved : {'Room_Type 1': np.int64(0), 'Room_Type 2': np.int64(1), 'Room_Type 3': np.int64(2), 'Room_Type 4': np.int64(3), 'Room_Type 5': np.int64(4), 'Room_Type 6': np.int64(5), 'Room_Type 7': np.int64(6)}
2025-03-12 22:54:20,045 - INFO - market_segment_type : {'Aviation': np.int64(0), 'Complementary': np.int64(1), 'Corporate': np.int64(2), 'Offline': np.int64(3), 'Online': np.int64(4)}
2025-03-12 22:54:20,045 - INFO - repeated_guest : {np.int64(0): np.int64(0), np.int64(1): np.int64(1)}
2025-03-12 22:54:20,045 - INFO - booking_status : {'Canceled': np.int64(0), 'Not_Canceled': np.int64(1)}
2025-03-12 22:54:20,045 - INFO - Started skewness handling
2025-03-12 22:54:20,046 - INFO - Starting the Data preprocessing
2025-03-12 22:54:20,046 - INFO - Dropping unnecessary columns
2025-03-12 22:54:20,048 - INFO - Applying label encoding
2025-03-12 22:54:20,050 - INFO - Label mappings are: 
2025-03-12 22:54:20,050 - INFO - type_of_meal_plan : {'Meal Plan 1': np.int64(0), 'Meal Plan 2': np.int64(1), 'Not Selected': np.int64(2)}
2025-03-12 22:54:20,050 - INFO - required_car_parking_space : {np.int64(0): np.int64(0), np.int64(1): np.int64(1)}
2025-03-12 22:54:20,050 - INFO - room_type_reserved : {'Room_Type 1': np.int64(0), 'Room_Type 2': np.int64(1), 'Room_Type 3': np.int64(2), 'Room_Type 4': np.int64(3), 'Room_Type 5': np.int64(4), 'Room_Type 6': np.int64(5), 'Room_Type 7': np.int64(6)}
2025-03-12 22:54:20,050 - INFO - market_segment_type : {'Aviation': np.int64(0), 'Complementary': np.int64(1), 'Corporate': np.int64(2), 'Offline': np.int64(3), 'Online': np.int64(4)}
2025-03-12 22:54:20,050 - INFO - repeated_guest : {np.int64(0): np.int64(0), np.int64(1): np.int64(1)}
2025-03-12 22:54:20,050 - INFO - booking_status : {'Canceled': np.int64(0), 'Not_Canceled': np.int64(1)}
2025-03-12 22:54:20,050 - INFO - Started skewness handling
2025-03-12 22:54:20,051 - INFO - Balancing the data started
2025-03-12 22:54:20,098 - INFO - Data balanced successfully
2025-03-12 22:54:20,098 - INFO - Balancing the data started
2025-03-12 22:54:20,106 - INFO - Data balanced successfully
2025-03-12 22:54:20,106 - INFO - Initializing the feature selection step
2025-03-12 22:54:21,709 - INFO - Features selected : ['lead_time' 'no_of_special_requests' 'avg_price_per_room' 'arrival_month'
 'arrival_date' 'market_segment_type' 'no_of_week_nights'
 'no_of_weekend_nights' 'type_of_meal_plan' 'room_type_reserved']
2025-03-12 22:54:21,710 - INFO - Feature slection completed sucesfully
2025-03-12 22:54:21,713 - INFO - Saving our data in the processed dir
2025-03-12 22:54:21,773 - INFO - Data saved successfully in artifacts/processed/processed_train.csv
2025-03-12 22:54:21,773 - INFO - Saving our data in the processed dir
2025-03-12 22:54:21,789 - INFO - Data saved successfully in artifacts/processed/processed_test.csv
2025-03-12 22:54:21,789 - INFO - Data processing completed sucesfully
